mode: set
_/home/lieroz/golang-2017-2/4/99_homework/test_coverage/client.go:61.80,65.19 2 1
_/home/lieroz/golang-2017-2/4/99_homework/test_coverage/client.go:68.2,68.26 1 1
_/home/lieroz/golang-2017-2/4/99_homework/test_coverage/client.go:71.2,71.20 1 1
_/home/lieroz/golang-2017-2/4/99_homework/test_coverage/client.go:78.2,87.16 9 1
_/home/lieroz/golang-2017-2/4/99_homework/test_coverage/client.go:93.2,99.25 3 1
_/home/lieroz/golang-2017-2/4/99_homework/test_coverage/client.go:116.2,118.16 3 1
_/home/lieroz/golang-2017-2/4/99_homework/test_coverage/client.go:128.2,128.21 1 1
_/home/lieroz/golang-2017-2/4/99_homework/test_coverage/client.go:65.19,67.3 1 1
_/home/lieroz/golang-2017-2/4/99_homework/test_coverage/client.go:68.26,70.3 1 1
_/home/lieroz/golang-2017-2/4/99_homework/test_coverage/client.go:71.20,73.3 1 1
_/home/lieroz/golang-2017-2/4/99_homework/test_coverage/client.go:87.16,88.54 1 1
_/home/lieroz/golang-2017-2/4/99_homework/test_coverage/client.go:91.3,91.50 1 1
_/home/lieroz/golang-2017-2/4/99_homework/test_coverage/client.go:88.54,90.4 1 0
_/home/lieroz/golang-2017-2/4/99_homework/test_coverage/client.go:100.31,101.44 1 1
_/home/lieroz/golang-2017-2/4/99_homework/test_coverage/client.go:102.38,103.53 1 0
_/home/lieroz/golang-2017-2/4/99_homework/test_coverage/client.go:104.29,107.17 3 1
_/home/lieroz/golang-2017-2/4/99_homework/test_coverage/client.go:110.3,110.42 1 1
_/home/lieroz/golang-2017-2/4/99_homework/test_coverage/client.go:113.3,113.73 1 0
_/home/lieroz/golang-2017-2/4/99_homework/test_coverage/client.go:107.17,109.4 1 0
_/home/lieroz/golang-2017-2/4/99_homework/test_coverage/client.go:110.42,112.4 1 1
_/home/lieroz/golang-2017-2/4/99_homework/test_coverage/client.go:118.16,120.3 1 0
_/home/lieroz/golang-2017-2/4/99_homework/test_coverage/main.go:7.13,9.2 1 0
_/home/lieroz/golang-2017-2/4/99_homework/test_coverage/server.go:57.25,59.2 1 1
_/home/lieroz/golang-2017-2/4/99_homework/test_coverage/server.go:61.30,63.2 1 0
_/home/lieroz/golang-2017-2/4/99_homework/test_coverage/server.go:65.35,67.2 1 0
_/home/lieroz/golang-2017-2/4/99_homework/test_coverage/server.go:71.26,73.2 1 1
_/home/lieroz/golang-2017-2/4/99_homework/test_coverage/server.go:75.31,77.2 1 0
_/home/lieroz/golang-2017-2/4/99_homework/test_coverage/server.go:79.36,81.2 1 0
_/home/lieroz/golang-2017-2/4/99_homework/test_coverage/server.go:85.27,87.2 1 1
_/home/lieroz/golang-2017-2/4/99_homework/test_coverage/server.go:89.32,91.2 1 0
_/home/lieroz/golang-2017-2/4/99_homework/test_coverage/server.go:93.37,95.2 1 0
_/home/lieroz/golang-2017-2/4/99_homework/test_coverage/server.go:97.46,101.32 2 1
_/home/lieroz/golang-2017-2/4/99_homework/test_coverage/server.go:106.2,106.14 1 1
_/home/lieroz/golang-2017-2/4/99_homework/test_coverage/server.go:101.32,102.26 1 1
_/home/lieroz/golang-2017-2/4/99_homework/test_coverage/server.go:102.26,104.4 1 1
_/home/lieroz/golang-2017-2/4/99_homework/test_coverage/server.go:109.62,111.45 2 1
_/home/lieroz/golang-2017-2/4/99_homework/test_coverage/server.go:116.2,116.47 1 1
_/home/lieroz/golang-2017-2/4/99_homework/test_coverage/server.go:121.2,121.45 1 1
_/home/lieroz/golang-2017-2/4/99_homework/test_coverage/server.go:124.2,124.56 1 1
_/home/lieroz/golang-2017-2/4/99_homework/test_coverage/server.go:133.2,133.50 1 1
_/home/lieroz/golang-2017-2/4/99_homework/test_coverage/server.go:138.2,138.12 1 1
_/home/lieroz/golang-2017-2/4/99_homework/test_coverage/server.go:111.45,112.57 1 1
_/home/lieroz/golang-2017-2/4/99_homework/test_coverage/server.go:112.57,114.4 1 0
_/home/lieroz/golang-2017-2/4/99_homework/test_coverage/server.go:116.47,117.59 1 1
_/home/lieroz/golang-2017-2/4/99_homework/test_coverage/server.go:117.59,119.4 1 0
_/home/lieroz/golang-2017-2/4/99_homework/test_coverage/server.go:121.45,123.3 1 1
_/home/lieroz/golang-2017-2/4/99_homework/test_coverage/server.go:124.56,126.26 2 1
_/home/lieroz/golang-2017-2/4/99_homework/test_coverage/server.go:126.26,128.4 1 1
_/home/lieroz/golang-2017-2/4/99_homework/test_coverage/server.go:128.4,128.45 1 1
_/home/lieroz/golang-2017-2/4/99_homework/test_coverage/server.go:128.45,131.4 1 1
_/home/lieroz/golang-2017-2/4/99_homework/test_coverage/server.go:133.50,134.61 1 1
_/home/lieroz/golang-2017-2/4/99_homework/test_coverage/server.go:134.61,136.4 1 0
_/home/lieroz/golang-2017-2/4/99_homework/test_coverage/server.go:141.54,143.16 2 1
_/home/lieroz/golang-2017-2/4/99_homework/test_coverage/server.go:146.2,148.16 3 1
_/home/lieroz/golang-2017-2/4/99_homework/test_coverage/server.go:151.2,152.16 2 1
_/home/lieroz/golang-2017-2/4/99_homework/test_coverage/server.go:155.2,155.51 1 1
_/home/lieroz/golang-2017-2/4/99_homework/test_coverage/server.go:158.2,158.12 1 1
_/home/lieroz/golang-2017-2/4/99_homework/test_coverage/server.go:143.16,145.3 1 0
_/home/lieroz/golang-2017-2/4/99_homework/test_coverage/server.go:148.16,150.3 1 0
_/home/lieroz/golang-2017-2/4/99_homework/test_coverage/server.go:152.16,154.3 1 0
_/home/lieroz/golang-2017-2/4/99_homework/test_coverage/server.go:155.51,157.3 1 0
_/home/lieroz/golang-2017-2/4/99_homework/test_coverage/server.go:161.49,162.23 1 1
_/home/lieroz/golang-2017-2/4/99_homework/test_coverage/server.go:165.2,165.22 1 1
_/home/lieroz/golang-2017-2/4/99_homework/test_coverage/server.go:168.2,168.33 1 1
_/home/lieroz/golang-2017-2/4/99_homework/test_coverage/server.go:171.2,171.32 1 1
_/home/lieroz/golang-2017-2/4/99_homework/test_coverage/server.go:174.2,175.25 2 1
_/home/lieroz/golang-2017-2/4/99_homework/test_coverage/server.go:178.2,178.38 1 1
_/home/lieroz/golang-2017-2/4/99_homework/test_coverage/server.go:162.23,164.3 1 0
_/home/lieroz/golang-2017-2/4/99_homework/test_coverage/server.go:165.22,167.3 1 0
_/home/lieroz/golang-2017-2/4/99_homework/test_coverage/server.go:168.33,170.3 1 0
_/home/lieroz/golang-2017-2/4/99_homework/test_coverage/server.go:171.32,173.3 1 0
_/home/lieroz/golang-2017-2/4/99_homework/test_coverage/server.go:175.25,177.3 1 0
_/home/lieroz/golang-2017-2/4/99_homework/test_coverage/server.go:181.51,182.24 1 1
_/home/lieroz/golang-2017-2/4/99_homework/test_coverage/server.go:183.19,184.28 1 1
_/home/lieroz/golang-2017-2/4/99_homework/test_coverage/server.go:192.19,192.19 0 1
_/home/lieroz/golang-2017-2/4/99_homework/test_coverage/server.go:193.18,194.28 1 1
_/home/lieroz/golang-2017-2/4/99_homework/test_coverage/server.go:185.13,186.40 1 1
_/home/lieroz/golang-2017-2/4/99_homework/test_coverage/server.go:187.14,188.41 1 1
_/home/lieroz/golang-2017-2/4/99_homework/test_coverage/server.go:189.11,190.42 1 1
_/home/lieroz/golang-2017-2/4/99_homework/test_coverage/server.go:195.13,196.26 1 1
_/home/lieroz/golang-2017-2/4/99_homework/test_coverage/server.go:197.14,198.27 1 1
_/home/lieroz/golang-2017-2/4/99_homework/test_coverage/server.go:199.11,200.28 1 1
_/home/lieroz/golang-2017-2/4/99_homework/test_coverage/server.go:205.54,207.35 2 1
_/home/lieroz/golang-2017-2/4/99_homework/test_coverage/server.go:221.2,222.14 2 1
_/home/lieroz/golang-2017-2/4/99_homework/test_coverage/server.go:207.35,217.23 2 1
_/home/lieroz/golang-2017-2/4/99_homework/test_coverage/server.go:217.23,219.4 1 1
_/home/lieroz/golang-2017-2/4/99_homework/test_coverage/server.go:225.59,226.55 1 1
_/home/lieroz/golang-2017-2/4/99_homework/test_coverage/server.go:230.2,231.49 2 1
_/home/lieroz/golang-2017-2/4/99_homework/test_coverage/server.go:244.2,245.59 2 1
_/home/lieroz/golang-2017-2/4/99_homework/test_coverage/server.go:249.2,251.16 3 1
_/home/lieroz/golang-2017-2/4/99_homework/test_coverage/server.go:255.2,256.14 2 1
_/home/lieroz/golang-2017-2/4/99_homework/test_coverage/server.go:226.55,229.3 2 1
_/home/lieroz/golang-2017-2/4/99_homework/test_coverage/server.go:231.49,237.17 4 1
_/home/lieroz/golang-2017-2/4/99_homework/test_coverage/server.go:241.3,242.9 2 1
_/home/lieroz/golang-2017-2/4/99_homework/test_coverage/server.go:237.17,240.4 2 0
_/home/lieroz/golang-2017-2/4/99_homework/test_coverage/server.go:245.59,248.3 2 0
_/home/lieroz/golang-2017-2/4/99_homework/test_coverage/server.go:251.16,254.3 2 0
